<?xml version="1.0" encoding="UTF-8"?>
<!-- Generated by org.testng.reporters.JUnitXMLReporter -->
<testsuite hostname="RiteshHarshitha" ignored="0" name="Default test" tests="4" failures="0" timestamp="22 Jun 2018 07:03:01 GMT" time="6.78" errors="0">
  <testcase name="loginPageTitleTest" time="0.011" classname="com.dec.qa.testdata.SignupPageTest"/>
  <testcase name="decLogoImageTest" time="0.031" classname="com.dec.qa.testdata.SignupPageTest"/>
  <testcase name="applyNowLinkTest" time="0.389" classname="com.dec.qa.testdata.SignupPageTest"/>
  <testcase name="loginTest" time="0.683" classname="com.dec.qa.testdata.SignupPageTest"/>
</testsuite> <!-- Default test -->
