<?xml version="1.0" encoding="UTF-8"?>
<testng-results skipped="0" failed="0" ignored="0" total="4" passed="4">
  <reporter-output>
  </reporter-output>
  <suite name="Default suite" duration-ms="6780" started-at="2018-06-22T07:02:55Z" finished-at="2018-06-22T07:03:01Z">
    <groups>
    </groups>
    <test name="Default test" duration-ms="6780" started-at="2018-06-22T07:02:55Z" finished-at="2018-06-22T07:03:01Z">
      <class name="com.dec.qa.testdata.SignupPageTest">
        <test-method status="PASS" signature="setUp()[pri:0, instance:com.dec.qa.testdata.SignupPageTest@7d9d1a19]" name="setUp" is-config="true" duration-ms="5632" started-at="2018-06-22T07:02:55Z" finished-at="2018-06-22T07:03:00Z">
          <reporter-output>
          </reporter-output>
        </test-method> <!-- setUp -->
        <test-method status="PASS" signature="loginPageTitleTest()[pri:1, instance:com.dec.qa.testdata.SignupPageTest@7d9d1a19]" name="loginPageTitleTest" duration-ms="11" started-at="2018-06-22T07:03:00Z" finished-at="2018-06-22T07:03:00Z">
          <reporter-output>
          </reporter-output>
        </test-method> <!-- loginPageTitleTest -->
        <test-method status="PASS" signature="decLogoImageTest()[pri:2, instance:com.dec.qa.testdata.SignupPageTest@7d9d1a19]" name="decLogoImageTest" duration-ms="31" started-at="2018-06-22T07:03:00Z" finished-at="2018-06-22T07:03:00Z">
          <reporter-output>
          </reporter-output>
        </test-method> <!-- decLogoImageTest -->
        <test-method status="PASS" signature="applyNowLinkTest()[pri:3, instance:com.dec.qa.testdata.SignupPageTest@7d9d1a19]" name="applyNowLinkTest" duration-ms="389" started-at="2018-06-22T07:03:00Z" finished-at="2018-06-22T07:03:01Z">
          <reporter-output>
          </reporter-output>
        </test-method> <!-- applyNowLinkTest -->
        <test-method status="PASS" signature="loginTest()[pri:4, instance:com.dec.qa.testdata.SignupPageTest@7d9d1a19]" name="loginTest" duration-ms="683" started-at="2018-06-22T07:03:01Z" finished-at="2018-06-22T07:03:01Z">
          <reporter-output>
          </reporter-output>
        </test-method> <!-- loginTest -->
      </class> <!-- com.dec.qa.testdata.SignupPageTest -->
    </test> <!-- Default test -->
  </suite> <!-- Default suite -->
</testng-results>
